<?xml version="1.0" encoding="UTF-8"?>
<testsuite name="com.aaronj.stdiscm.p4.UploadGradesNode.UploadGradesNodeApplicationTests" tests="1" skipped="0" failures="0" errors="0" timestamp="2025-04-12T09:36:57.663Z" hostname="Aarons-MacBook-Pro.local" time="0.417">
  <properties/>
  <testcase name="contextLoads()" classname="com.aaronj.stdiscm.p4.UploadGradesNode.UploadGradesNodeApplicationTests" time="0.417"/>
  <system-out><![CDATA[17:36:54.182 [Test worker] INFO org.springframework.test.context.support.AnnotationConfigContextLoaderUtils -- Could not detect default configuration classes for test class [com.aaronj.stdiscm.p4.UploadGradesNode.UploadGradesNodeApplicationTests]: UploadGradesNodeApplicationTests does not declare any static, non-private, non-final, nested classes annotated with @Configuration.
17:36:54.287 [Test worker] INFO org.springframework.boot.test.context.SpringBootTestContextBootstrapper -- Found @SpringBootConfiguration com.aaronj.stdiscm.p4.UploadGradesNode.UploadGradesNodeApplication for test class com.aaronj.stdiscm.p4.UploadGradesNode.UploadGradesNodeApplicationTests

  .   ____          _            __ _ _
 /\\ / ___'_ __ _ _(_)_ __  __ _ \ \ \ \
( ( )\___ | '_ | '_| | '_ \/ _` | \ \ \ \
 \\/  ___)| |_)| | | | | || (_| |  ) ) ) )
  '  |____| .__|_| |_|_| |_\__, | / / / /
 =========|_|==============|___/=/_/_/_/

 :: Spring Boot ::                (v3.4.4)

2025-04-12T17:36:54.621+08:00  INFO 24199 --- [UploadGradesNode] [    Test worker] a.s.p.U.UploadGradesNodeApplicationTests : Starting UploadGradesNodeApplicationTests using Java 17 with PID 24199 (started by aaronjardenil in /Users/aaronjardenil/Documents/STDISCM P4/UploadGradesNode)
2025-04-12T17:36:54.622+08:00  INFO 24199 --- [UploadGradesNode] [    Test worker] a.s.p.U.UploadGradesNodeApplicationTests : No active profile set, falling back to 1 default profile: "default"
2025-04-12T17:36:55.218+08:00  INFO 24199 --- [UploadGradesNode] [    Test worker] .s.d.r.c.RepositoryConfigurationDelegate : Bootstrapping Spring Data JPA repositories in DEFAULT mode.
2025-04-12T17:36:55.261+08:00  INFO 24199 --- [UploadGradesNode] [    Test worker] .s.d.r.c.RepositoryConfigurationDelegate : Finished Spring Data repository scanning in 34 ms. Found 1 JPA repository interface.
2025-04-12T17:36:55.600+08:00  INFO 24199 --- [UploadGradesNode] [    Test worker] o.hibernate.jpa.internal.util.LogHelper  : HHH000204: Processing PersistenceUnitInfo [name: default]
2025-04-12T17:36:55.634+08:00  INFO 24199 --- [UploadGradesNode] [    Test worker] org.hibernate.Version                    : HHH000412: Hibernate ORM core version 6.6.11.Final
2025-04-12T17:36:55.659+08:00  INFO 24199 --- [UploadGradesNode] [    Test worker] o.h.c.internal.RegionFactoryInitiator    : HHH000026: Second-level cache disabled
2025-04-12T17:36:55.866+08:00  INFO 24199 --- [UploadGradesNode] [    Test worker] o.s.o.j.p.SpringPersistenceUnitInfo      : No LoadTimeWeaver setup: ignoring JPA class transformer
2025-04-12T17:36:55.905+08:00  INFO 24199 --- [UploadGradesNode] [    Test worker] com.zaxxer.hikari.HikariDataSource       : HikariPool-1 - Starting...
2025-04-12T17:36:56.188+08:00  INFO 24199 --- [UploadGradesNode] [    Test worker] com.zaxxer.hikari.pool.HikariPool        : HikariPool-1 - Added connection com.mysql.cj.jdbc.ConnectionImpl@77020328
2025-04-12T17:36:56.191+08:00  INFO 24199 --- [UploadGradesNode] [    Test worker] com.zaxxer.hikari.HikariDataSource       : HikariPool-1 - Start completed.
2025-04-12T17:36:56.257+08:00  INFO 24199 --- [UploadGradesNode] [    Test worker] org.hibernate.orm.connections.pooling    : HHH10001005: Database info:
	Database JDBC URL [Connecting through datasource 'HikariDataSource (HikariPool-1)']
	Database driver: undefined/unknown
	Database version: 9.2
	Autocommit mode: undefined/unknown
	Isolation level: undefined/unknown
	Minimum pool size: undefined/unknown
	Maximum pool size: undefined/unknown
2025-04-12T17:36:56.867+08:00  INFO 24199 --- [UploadGradesNode] [    Test worker] o.h.e.t.j.p.i.JtaPlatformInitiator       : HHH000489: No JTA platform available (set 'hibernate.transaction.jta.platform' to enable JTA platform integration)
2025-04-12T17:36:56.910+08:00  INFO 24199 --- [UploadGradesNode] [    Test worker] j.LocalContainerEntityManagerFactoryBean : Initialized JPA EntityManagerFactory for persistence unit 'default'
2025-04-12T17:36:57.163+08:00  WARN 24199 --- [UploadGradesNode] [    Test worker] JpaBaseConfiguration$JpaWebConfiguration : spring.jpa.open-in-view is enabled by default. Therefore, database queries may be performed during view rendering. Explicitly configure spring.jpa.open-in-view to disable this warning
2025-04-12T17:36:57.651+08:00  INFO 24199 --- [UploadGradesNode] [    Test worker] a.s.p.U.UploadGradesNodeApplicationTests : Started UploadGradesNodeApplicationTests in 3.234 seconds (process running for 4.235)
]]></system-out>
  <system-err><![CDATA[]]></system-err>
</testsuite>
