<?xml version="1.0" encoding="UTF-8"?>
<testsuite name="com.stdiscm.problemset4.AuthenticationNode.AuthenticationNodeApplicationTests" tests="1" skipped="0" failures="0" errors="0" timestamp="2025-04-12T09:25:23.148Z" hostname="Aarons-MacBook-Pro.local" time="0.452">
  <properties/>
  <testcase name="contextLoads()" classname="com.stdiscm.problemset4.AuthenticationNode.AuthenticationNodeApplicationTests" time="0.452"/>
  <system-out><![CDATA[17:25:19.330 [Test worker] INFO org.springframework.test.context.support.AnnotationConfigContextLoaderUtils -- Could not detect default configuration classes for test class [com.stdiscm.problemset4.AuthenticationNode.AuthenticationNodeApplicationTests]: AuthenticationNodeApplicationTests does not declare any static, non-private, non-final, nested classes annotated with @Configuration.
17:25:19.419 [Test worker] INFO org.springframework.boot.test.context.SpringBootTestContextBootstrapper -- Found @SpringBootConfiguration com.stdiscm.problemset4.AuthenticationNode.AuthenticationNodeApplication for test class com.stdiscm.problemset4.AuthenticationNode.AuthenticationNodeApplicationTests

  .   ____          _            __ _ _
 /\\ / ___'_ __ _ _(_)_ __  __ _ \ \ \ \
( ( )\___ | '_ | '_| | '_ \/ _` | \ \ \ \
 \\/  ___)| |_)| | | | | || (_| |  ) ) ) )
  '  |____| .__|_| |_|_| |_\__, | / / / /
 =========|_|==============|___/=/_/_/_/
 :: Spring Boot ::                (v3.1.4)

2025-04-12T17:25:19.760+08:00  INFO 21789 --- [    Test worker] s.p.A.AuthenticationNodeApplicationTests : Starting AuthenticationNodeApplicationTests using Java 17 with PID 21789 (started by aaronjardenil in /Users/aaronjardenil/Documents/STDISCM P4/AuthenticationNode)
2025-04-12T17:25:19.762+08:00  INFO 21789 --- [    Test worker] s.p.A.AuthenticationNodeApplicationTests : No active profile set, falling back to 1 default profile: "default"
2025-04-12T17:25:19.786+08:00 DEBUG 21789 --- [    Test worker] o.s.w.c.s.GenericWebApplicationContext   : Refreshing org.springframework.web.context.support.GenericWebApplicationContext@3e6f3bae
2025-04-12T17:25:20.202+08:00  INFO 21789 --- [    Test worker] .s.d.r.c.RepositoryConfigurationDelegate : Bootstrapping Spring Data JPA repositories in DEFAULT mode.
2025-04-12T17:25:20.240+08:00  INFO 21789 --- [    Test worker] .s.d.r.c.RepositoryConfigurationDelegate : Finished Spring Data repository scanning in 32 ms. Found 1 JPA repository interfaces.
2025-04-12T17:25:20.585+08:00  INFO 21789 --- [    Test worker] o.hibernate.jpa.internal.util.LogHelper  : HHH000204: Processing PersistenceUnitInfo [name: default]
2025-04-12T17:25:20.619+08:00  INFO 21789 --- [    Test worker] org.hibernate.Version                    : HHH000412: Hibernate ORM core version 6.2.9.Final
2025-04-12T17:25:20.620+08:00  INFO 21789 --- [    Test worker] org.hibernate.cfg.Environment            : HHH000406: Using bytecode reflection optimizer
2025-04-12T17:25:20.711+08:00  INFO 21789 --- [    Test worker] o.h.b.i.BytecodeProviderInitiator        : HHH000021: Bytecode provider name : bytebuddy
2025-04-12T17:25:20.805+08:00  INFO 21789 --- [    Test worker] o.s.o.j.p.SpringPersistenceUnitInfo      : No LoadTimeWeaver setup: ignoring JPA class transformer
2025-04-12T17:25:20.817+08:00  INFO 21789 --- [    Test worker] com.zaxxer.hikari.HikariDataSource       : HikariPool-1 - Starting...
2025-04-12T17:25:21.085+08:00  INFO 21789 --- [    Test worker] com.zaxxer.hikari.pool.HikariPool        : HikariPool-1 - Added connection com.mysql.cj.jdbc.ConnectionImpl@1f9a7684
2025-04-12T17:25:21.087+08:00  INFO 21789 --- [    Test worker] com.zaxxer.hikari.HikariDataSource       : HikariPool-1 - Start completed.
2025-04-12T17:25:21.350+08:00  INFO 21789 --- [    Test worker] o.h.b.i.BytecodeProviderInitiator        : HHH000021: Bytecode provider name : bytebuddy
2025-04-12T17:25:21.820+08:00  INFO 21789 --- [    Test worker] o.h.e.t.j.p.i.JtaPlatformInitiator       : HHH000490: Using JtaPlatform implementation: [org.hibernate.engine.transaction.jta.platform.internal.NoJtaPlatform]
2025-04-12T17:25:22.018+08:00  INFO 21789 --- [    Test worker] j.LocalContainerEntityManagerFactoryBean : Initialized JPA EntityManagerFactory for persistence unit 'default'
2025-04-12T17:25:22.299+08:00  WARN 21789 --- [    Test worker] JpaBaseConfiguration$JpaWebConfiguration : spring.jpa.open-in-view is enabled by default. Therefore, database queries may be performed during view rendering. Explicitly configure spring.jpa.open-in-view to disable this warning
2025-04-12T17:25:22.801+08:00  INFO 21789 --- [    Test worker] o.s.s.web.DefaultSecurityFilterChain     : Will secure org.springframework.security.oauth2.server.authorization.config.annotation.web.configurers.OAuth2AuthorizationServerConfigurer$$Lambda$1433/0x0000000801494a48@72851503 with [org.springframework.security.web.session.DisableEncodeUrlFilter@690c3b1f, org.springframework.security.web.context.request.async.WebAsyncManagerIntegrationFilter@1d722bff, org.springframework.security.web.context.SecurityContextHolderFilter@1fd77205, org.springframework.security.oauth2.server.authorization.config.annotation.web.configurers.AuthorizationServerContextFilter@25c98637, org.springframework.security.web.header.HeaderWriterFilter@52a9db63, org.springframework.security.web.csrf.CsrfFilter@5fafd099, org.springframework.security.oauth2.server.authorization.oidc.web.OidcLogoutEndpointFilter@2df24f19, org.springframework.security.web.authentication.logout.LogoutFilter@328e687e, org.springframework.security.oauth2.server.authorization.web.OAuth2AuthorizationServerMetadataEndpointFilter@281028ce, org.springframework.security.oauth2.server.authorization.web.OAuth2AuthorizationEndpointFilter@a0e35c3, org.springframework.security.oauth2.server.authorization.web.OAuth2DeviceVerificationEndpointFilter@74cf2d5f, org.springframework.security.oauth2.server.authorization.oidc.web.OidcProviderConfigurationEndpointFilter@623bdc46, org.springframework.security.oauth2.server.authorization.web.NimbusJwkSetEndpointFilter@578781f7, org.springframework.security.oauth2.server.authorization.web.OAuth2ClientAuthenticationFilter@7c9c7e7d, org.springframework.security.oauth2.server.resource.web.authentication.BearerTokenAuthenticationFilter@5134a7d6, org.springframework.security.web.savedrequest.RequestCacheAwareFilter@288915a1, org.springframework.security.web.servletapi.SecurityContextHolderAwareRequestFilter@6bf70600, org.springframework.security.web.authentication.AnonymousAuthenticationFilter@72c29d87, org.springframework.security.web.access.ExceptionTranslationFilter@45a4587d, org.springframework.security.web.access.intercept.AuthorizationFilter@4e93d23e, org.springframework.security.oauth2.server.authorization.web.OAuth2TokenEndpointFilter@7dc9b41a, org.springframework.security.oauth2.server.authorization.web.OAuth2TokenIntrospectionEndpointFilter@5b5f61cc, org.springframework.security.oauth2.server.authorization.web.OAuth2TokenRevocationEndpointFilter@5746609e, org.springframework.security.oauth2.server.authorization.web.OAuth2DeviceAuthorizationEndpointFilter@18f794e, org.springframework.security.oauth2.server.authorization.oidc.web.OidcUserInfoEndpointFilter@43f5b014]
2025-04-12T17:25:22.808+08:00  INFO 21789 --- [    Test worker] o.s.s.web.DefaultSecurityFilterChain     : Will secure any request with [org.springframework.security.web.session.DisableEncodeUrlFilter@4e8b36af, org.springframework.security.web.context.request.async.WebAsyncManagerIntegrationFilter@d164938, org.springframework.security.web.context.SecurityContextHolderFilter@218fc40d, org.springframework.security.web.header.HeaderWriterFilter@5cfa9e8a, org.springframework.security.web.authentication.logout.LogoutFilter@72ad577b, org.springframework.security.web.authentication.UsernamePasswordAuthenticationFilter@5605a59b, org.springframework.security.web.authentication.ui.DefaultLoginPageGeneratingFilter@2ebd6a0d, org.springframework.security.web.authentication.ui.DefaultLogoutPageGeneratingFilter@4cd079fe, org.springframework.security.web.savedrequest.RequestCacheAwareFilter@22942eff, org.springframework.security.web.servletapi.SecurityContextHolderAwareRequestFilter@26bbbe9e, org.springframework.security.web.authentication.AnonymousAuthenticationFilter@37823482, org.springframework.security.web.access.ExceptionTranslationFilter@3e574f9c, org.springframework.security.web.access.intercept.AuthorizationFilter@4c31b6c2]
2025-04-12T17:25:22.977+08:00 DEBUG 21789 --- [    Test worker] s.w.s.m.m.a.RequestMappingHandlerAdapter : ControllerAdvice beans: 0 @ModelAttribute, 0 @InitBinder, 1 RequestBodyAdvice, 1 ResponseBodyAdvice
2025-04-12T17:25:23.030+08:00 DEBUG 21789 --- [    Test worker] s.w.s.m.m.a.RequestMappingHandlerMapping : 2 mappings in 'requestMappingHandlerMapping'
2025-04-12T17:25:23.045+08:00 DEBUG 21789 --- [    Test worker] o.s.w.s.handler.SimpleUrlHandlerMapping  : Patterns [/webjars/**, /**] in 'resourceHandlerMapping'
2025-04-12T17:25:23.051+08:00 DEBUG 21789 --- [    Test worker] .m.m.a.ExceptionHandlerExceptionResolver : ControllerAdvice beans: 0 @ExceptionHandler, 1 ResponseBodyAdvice
2025-04-12T17:25:23.136+08:00  INFO 21789 --- [    Test worker] s.p.A.AuthenticationNodeApplicationTests : Started AuthenticationNodeApplicationTests in 3.578 seconds (process running for 4.56)
]]></system-out>
  <system-err><![CDATA[]]></system-err>
</testsuite>
