<?xml version="1.0" encoding="UTF-8"?>
<testsuite name="com.stdiscm.problemset4.ViewAvailableCoursesNode.ViewAvailableCoursesNodeApplicationTests" tests="1" skipped="0" failures="0" errors="0" timestamp="2025-04-11T14:30:56.928Z" hostname="Aarons-MacBook-Pro.local" time="0.451">
  <properties/>
  <testcase name="contextLoads()" classname="com.stdiscm.problemset4.ViewAvailableCoursesNode.ViewAvailableCoursesNodeApplicationTests" time="0.451"/>
  <system-out><![CDATA[22:30:53.294 [Test worker] INFO org.springframework.test.context.support.AnnotationConfigContextLoaderUtils -- Could not detect default configuration classes for test class [com.stdiscm.problemset4.ViewAvailableCoursesNode.ViewAvailableCoursesNodeApplicationTests]: ViewAvailableCoursesNodeApplicationTests does not declare any static, non-private, non-final, nested classes annotated with @Configuration.
22:30:53.397 [Test worker] INFO org.springframework.boot.test.context.SpringBootTestContextBootstrapper -- Found @SpringBootConfiguration com.stdiscm.problemset4.ViewAvailableCoursesNode.ViewAvailableCoursesNodeApplication for test class com.stdiscm.problemset4.ViewAvailableCoursesNode.ViewAvailableCoursesNodeApplicationTests

  .   ____          _            __ _ _
 /\\ / ___'_ __ _ _(_)_ __  __ _ \ \ \ \
( ( )\___ | '_ | '_| | '_ \/ _` | \ \ \ \
 \\/  ___)| |_)| | | | | || (_| |  ) ) ) )
  '  |____| .__|_| |_|_| |_\__, | / / / /
 =========|_|==============|___/=/_/_/_/

 :: Spring Boot ::                (v3.4.4)

2025-04-11T22:30:53.743+08:00  INFO 94164 --- [ViewAvailableCoursesNode] [    Test worker] ViewAvailableCoursesNodeApplicationTests : Starting ViewAvailableCoursesNodeApplicationTests using Java 17 with PID 94164 (started by aaronjardenil in /Users/aaronjardenil/Documents/STDISCM P4/ViewAvailableCoursesNode)
2025-04-11T22:30:53.744+08:00  INFO 94164 --- [ViewAvailableCoursesNode] [    Test worker] ViewAvailableCoursesNodeApplicationTests : No active profile set, falling back to 1 default profile: "default"
2025-04-11T22:30:54.306+08:00  INFO 94164 --- [ViewAvailableCoursesNode] [    Test worker] .s.d.r.c.RepositoryConfigurationDelegate : Bootstrapping Spring Data JPA repositories in DEFAULT mode.
2025-04-11T22:30:54.352+08:00  INFO 94164 --- [ViewAvailableCoursesNode] [    Test worker] .s.d.r.c.RepositoryConfigurationDelegate : Finished Spring Data repository scanning in 37 ms. Found 1 JPA repository interface.
2025-04-11T22:30:54.777+08:00  INFO 94164 --- [ViewAvailableCoursesNode] [    Test worker] o.hibernate.jpa.internal.util.LogHelper  : HHH000204: Processing PersistenceUnitInfo [name: default]
2025-04-11T22:30:54.812+08:00  INFO 94164 --- [ViewAvailableCoursesNode] [    Test worker] org.hibernate.Version                    : HHH000412: Hibernate ORM core version 6.6.11.Final
2025-04-11T22:30:54.840+08:00  INFO 94164 --- [ViewAvailableCoursesNode] [    Test worker] o.h.c.internal.RegionFactoryInitiator    : HHH000026: Second-level cache disabled
2025-04-11T22:30:55.093+08:00  INFO 94164 --- [ViewAvailableCoursesNode] [    Test worker] o.s.o.j.p.SpringPersistenceUnitInfo      : No LoadTimeWeaver setup: ignoring JPA class transformer
2025-04-11T22:30:55.117+08:00  INFO 94164 --- [ViewAvailableCoursesNode] [    Test worker] com.zaxxer.hikari.HikariDataSource       : HikariPool-1 - Starting...
2025-04-11T22:30:55.476+08:00  INFO 94164 --- [ViewAvailableCoursesNode] [    Test worker] com.zaxxer.hikari.pool.HikariPool        : HikariPool-1 - Added connection com.mysql.cj.jdbc.ConnectionImpl@7a30e30b
2025-04-11T22:30:55.478+08:00  INFO 94164 --- [ViewAvailableCoursesNode] [    Test worker] com.zaxxer.hikari.HikariDataSource       : HikariPool-1 - Start completed.
2025-04-11T22:30:55.549+08:00  INFO 94164 --- [ViewAvailableCoursesNode] [    Test worker] org.hibernate.orm.connections.pooling    : HHH10001005: Database info:
	Database JDBC URL [Connecting through datasource 'HikariDataSource (HikariPool-1)']
	Database driver: undefined/unknown
	Database version: 9.2
	Autocommit mode: undefined/unknown
	Isolation level: undefined/unknown
	Minimum pool size: undefined/unknown
	Maximum pool size: undefined/unknown
2025-04-11T22:30:56.163+08:00  INFO 94164 --- [ViewAvailableCoursesNode] [    Test worker] o.h.e.t.j.p.i.JtaPlatformInitiator       : HHH000489: No JTA platform available (set 'hibernate.transaction.jta.platform' to enable JTA platform integration)
2025-04-11T22:30:56.233+08:00  INFO 94164 --- [ViewAvailableCoursesNode] [    Test worker] j.LocalContainerEntityManagerFactoryBean : Initialized JPA EntityManagerFactory for persistence unit 'default'
2025-04-11T22:30:56.417+08:00  WARN 94164 --- [ViewAvailableCoursesNode] [    Test worker] JpaBaseConfiguration$JpaWebConfiguration : spring.jpa.open-in-view is enabled by default. Therefore, database queries may be performed during view rendering. Explicitly configure spring.jpa.open-in-view to disable this warning
2025-04-11T22:30:56.917+08:00  INFO 94164 --- [ViewAvailableCoursesNode] [    Test worker] ViewAvailableCoursesNodeApplicationTests : Started ViewAvailableCoursesNodeApplicationTests in 3.387 seconds (process running for 4.59)
]]></system-out>
  <system-err><![CDATA[]]></system-err>
</testsuite>
